2025-04-28 20:01:37,986 - INFO -              mcp_log() INFO: Indexing documents with unified RAG pipeline...
2025-04-28 20:01:38,178 - INFO -              mcp_log() SKIP: Skipping unchanged file: cricket.txt
2025-04-28 20:01:38,195 - INFO -              mcp_log() SKIP: Skipping unchanged file: DELETE_IMAGES.pdf
2025-04-28 20:01:38,210 - INFO -              mcp_log() SKIP: Skipping unchanged file: dlf.md
2025-04-28 20:01:38,232 - INFO -              mcp_log() SKIP: Skipping unchanged file: DLF_13072023190044_BRSR.pdf
2025-04-28 20:01:38,237 - INFO -              mcp_log() SKIP: Skipping unchanged file: economic.md
2025-04-28 20:01:38,244 - INFO -              mcp_log() PROC: Processing: Experience Letter.docx
2025-04-28 20:01:38,537 - INFO -              mcp_log() INFO: Using MarkItDown fallback for Experience Letter.docx
2025-04-28 20:01:38,599 - INFO -              mcp_log() ERROR: Failed to process Experience Letter.docx: File conversion failed after 2 attempts:
 - DocxConverter threw BadZipFile with message: File is not a zip file
 - XlsConverter threw XLRDError with message: Can't find workbook in OLE2 compound document

2025-04-28 20:01:38,726 - INFO -              mcp_log() SKIP: Skipping unchanged file: How to use Canvas LMS.pdf
2025-04-28 20:01:38,745 - INFO -              mcp_log() SKIP: Skipping unchanged file: INVG67564.pdf
2025-04-28 20:01:38,749 - INFO -              mcp_log() SKIP: Skipping unchanged file: markitdown.md
2025-04-28 20:01:38,755 - INFO -              mcp_log() PROC: Processing: SAMPLE-Indian-Policies-and-Procedures-January-2023.docx
2025-04-28 20:01:38,859 - INFO -              mcp_log() INFO: Using MarkItDown fallback for SAMPLE-Indian-Policies-and-Procedures-January-2023.docx
2025-04-28 20:01:39,003 - INFO -              mcp_log() ERROR: Failed to process SAMPLE-Indian-Policies-and-Procedures-January-2023.docx: File conversion failed after 2 attempts:
 - DocxConverter threw BadZipFile with message: File is not a zip file
 - XlsConverter threw XLRDError with message: Can't find workbook in OLE2 compound document

2025-04-28 20:01:39,228 - INFO -              mcp_log() SKIP: Skipping unchanged file: Tesla_Motors_IP_Open_Innovation_and_the_Carbon_Crisis_-_Matthew_Rimmer.pdf
